{"C:\\dev\\BYU-I\\WDD330WebFrontendDevelopmentII\\week05\\jestExample\\factors.js": {"path":"C:\\dev\\BYU-I\\WDD330WebFrontendDevelopmentII\\week05\\jestExample\\factors.js","statementMap":{"0":{"start":{"line":2,"column":18},"end":{"line":2,"column":20}},"1":{"start":{"line":3,"column":2},"end":{"line":7,"column":3}},"2":{"start":{"line":3,"column":13},"end":{"line":3,"column":14}},"3":{"start":{"line":4,"column":4},"end":{"line":6,"column":5}},"4":{"start":{"line":5,"column":6},"end":{"line":5,"column":22}},"5":{"start":{"line":8,"column":2},"end":{"line":8,"column":17}},"6":{"start":{"line":11,"column":0},"end":{"line":11,"column":27}}},"fnMap":{"0":{"name":"factorsOf","decl":{"start":{"line":1,"column":9},"end":{"line":1,"column":18}},"loc":{"start":{"line":1,"column":22},"end":{"line":9,"column":1}},"line":1}},"branchMap":{"0":{"loc":{"start":{"line":4,"column":4},"end":{"line":6,"column":5}},"type":"if","locations":[{"start":{"line":4,"column":4},"end":{"line":6,"column":5}},{"start":{"line":4,"column":4},"end":{"line":6,"column":5}}],"line":4}},"s":{"0":2,"1":2,"2":2,"3":27,"4":10,"5":2,"6":1},"f":{"0":2},"b":{"0":[10,17]},"_coverageSchema":"1a1c01bbd47fc00a2c39e90264f33305004495a9","hash":"7e27ec0dcd5272bdf50465bc09797f70cc40dcd9"}
}
